OpenROAD 41a51eaf4ca2171c92ff38afb91eb37bbd3f36da 
This program is licensed under the BSD-3 license. See the LICENSE file for details.
Components of this program may be licensed under more restrictive licenses which must be honored.
[INFO]: Reading ODB at '/openlane/designs/spm/runs/RUN_2026.04.28_16.21.58/results/floorplan/spm.odb'…
define_corners Typical
read_liberty -corner Typical /home/mr-rath0/pdks/sky130A/libs.ref/sky130_fd_sc_hd/lib/sky130_fd_sc_hd__tt_025C_1v80.lib
Using 1e-12 for capacitance...
Using 1e+03 for resistance...
Using 1e-09 for time...
Using 1e+00 for voltage...
Using 1e-03 for current...
Using 1e-09 for power...
Using 1e-06 for distance...
Reading design constraints file at '/openlane/designs/spm/runs/RUN_2026.04.28_16.21.58/tmp/floorplan/3-initial_fp.sdc'…
[INFO]: Setting RC values...
[INFO]: Setting signal min routing layer to: met1 and clock min routing layer to met3. 
[INFO]: Setting signal max routing layer to: met5 and clock max routing layer to met5. 
[INFO GPL-0002] DBU: 1000
[INFO GPL-0003] SiteSize: 460 2720
[INFO GPL-0004] CoreAreaLxLy: 5520 10880
[INFO GPL-0005] CoreAreaUxUy: 74980 78880
[INFO GPL-0006] NumInstances: 418
[INFO GPL-0007] NumPlaceInstances: 301
[INFO GPL-0008] NumFixedInstances: 117
[INFO GPL-0009] NumDummyInstances: 0
[INFO GPL-0010] NumNets: 336
[INFO GPL-0011] NumPins: 988
[INFO GPL-0012] DieAreaLxLy: 0 0
[INFO GPL-0013] DieAreaUxUy: 80665 91385
[INFO GPL-0014] CoreAreaLxLy: 5520 10880
[INFO GPL-0015] CoreAreaUxUy: 74980 78880
[INFO GPL-0016] CoreArea: 4723280000
[INFO GPL-0017] NonPlaceInstsArea: 271510400
[INFO GPL-0018] PlaceInstsArea: 4362934400
[INFO GPL-0019] Util(%): 98.00
[INFO GPL-0020] StdInstsArea: 4362934400
[INFO GPL-0021] MacroInstsArea: 0
[InitialPlace]  Iter: 1 CG residual: 0.00000010 HPWL: 8029685
[InitialPlace]  Iter: 2 CG residual: 0.00000012 HPWL: 5397911
[InitialPlace]  Iter: 3 CG residual: 0.00000005 HPWL: 4826434
[InitialPlace]  Iter: 4 CG residual: 0.00000009 HPWL: 4700080
[InitialPlace]  Iter: 5 CG residual: 0.00000007 HPWL: 4695946
[INFO GPL-0031] FillerInit: NumGCells: 307
[INFO GPL-0032] FillerInit: NumGNets: 336
[INFO GPL-0033] FillerInit: NumGPins: 988
[INFO GPL-0023] TargetDensity: 1.00
[INFO GPL-0024] AveragePlaceInstArea: 14494798
[INFO GPL-0025] IdealBinArea: 14494798
[INFO GPL-0026] IdealBinCnt: 325
[INFO GPL-0027] TotalBinArea: 4723280000
[INFO GPL-0028] BinCnt: 16 16
[INFO GPL-0029] BinSize: 4342 4250
[INFO GPL-0030] NumBins: 256
[NesterovSolve] Iter: 1 overflow: 0.893659 HPWL: 2084342
[NesterovSolve] Iter: 10 overflow: 0.876239 HPWL: 2216052
[NesterovSolve] Iter: 20 overflow: 0.875805 HPWL: 2218409
[NesterovSolve] Iter: 30 overflow: 0.876472 HPWL: 2218498
[NesterovSolve] Iter: 40 overflow: 0.876193 HPWL: 2217607
[NesterovSolve] Iter: 50 overflow: 0.876276 HPWL: 2217913
[NesterovSolve] Iter: 60 overflow: 0.876196 HPWL: 2218531
[NesterovSolve] Iter: 70 overflow: 0.876198 HPWL: 2218543
[NesterovSolve] Iter: 80 overflow: 0.876094 HPWL: 2219058
[NesterovSolve] Iter: 90 overflow: 0.875946 HPWL: 2220009
[NesterovSolve] Iter: 100 overflow: 0.875703 HPWL: 2221727
[NesterovSolve] Iter: 110 overflow: 0.875299 HPWL: 2224479
[NesterovSolve] Iter: 120 overflow: 0.87455 HPWL: 2229503
[NesterovSolve] Iter: 130 overflow: 0.873291 HPWL: 2240617
[NesterovSolve] Iter: 140 overflow: 0.871063 HPWL: 2259675
[NesterovSolve] Iter: 150 overflow: 0.866017 HPWL: 2289915
[NesterovSolve] Iter: 160 overflow: 0.857051 HPWL: 2336251
[NesterovSolve] Iter: 170 overflow: 0.843443 HPWL: 2402025
[NesterovSolve] Iter: 180 overflow: 0.821642 HPWL: 2498283
[NesterovSolve] Iter: 190 overflow: 0.789545 HPWL: 2607502
[INFO GPL-0100] worst slack -6.87e-10
[INFO GPL-0103] Weighted 33 nets.
[NesterovSolve] Iter: 200 overflow: 0.755666 HPWL: 2757076
[NesterovSolve] Iter: 210 overflow: 0.706441 HPWL: 2937709
[NesterovSolve] Iter: 220 overflow: 0.661028 HPWL: 3104615
[INFO GPL-0100] worst slack -6.85e-10
[INFO GPL-0103] Weighted 33 nets.
[NesterovSolve] Iter: 230 overflow: 0.610146 HPWL: 3252543
[NesterovSolve] Snapshot saved at iter = 231
[NesterovSolve] Iter: 240 overflow: 0.561531 HPWL: 3416691
[NesterovSolve] Iter: 250 overflow: 0.497189 HPWL: 3541886
[INFO GPL-0100] worst slack -6.86e-10
[INFO GPL-0103] Weighted 33 nets.
[NesterovSolve] Iter: 260 overflow: 0.425754 HPWL: 3624088
[NesterovSolve] Iter: 270 overflow: 0.386604 HPWL: 3714458
[NesterovSolve] Iter: 280 overflow: 0.353132 HPWL: 3759484
[NesterovSolve] Iter: 290 overflow: 0.314866 HPWL: 3791191
[INFO GPL-0100] worst slack -6.83e-10
[INFO GPL-0103] Weighted 33 nets.
[NesterovSolve] Iter: 300 overflow: 0.279991 HPWL: 3817053
[NesterovSolve] Iter: 310 overflow: 0.261807 HPWL: 3854540
[NesterovSolve] Iter: 320 overflow: 0.240736 HPWL: 3885541
[NesterovSolve] Iter: 330 overflow: 0.210686 HPWL: 3886949
[INFO GPL-0100] worst slack -6.83e-10
[INFO GPL-0103] Weighted 33 nets.
[INFO GPL-0075] Routability numCall: 1 inflationIterCnt: 1 bloatIterCnt: 0
[INFO GPL-0036] TileLxLy: 0 0
[INFO GPL-0037] TileSize: 6900 6900
[INFO GPL-0038] TileCnt: 11 13
[INFO GPL-0039] numRoutingLayers: 6
[INFO GPL-0040] NumTiles: 143
[INFO GPL-0063] TotalRouteOverflowH2: 0.0
[INFO GPL-0064] TotalRouteOverflowV2: 0.0
[INFO GPL-0065] OverflowTileCnt2: 0
[INFO GPL-0066] 0.5%RC: 1.0
[INFO GPL-0067] 1.0%RC: 0.9624999910593033
[INFO GPL-0068] 2.0%RC: 0.9357142703873771
[INFO GPL-0069] 5.0%RC: 0.8812499977648258
[INFO GPL-0070] 0.5rcK: 1.0
[INFO GPL-0071] 1.0rcK: 1.0
[INFO GPL-0072] 2.0rcK: 0.0
[INFO GPL-0073] 5.0rcK: 0.0
[INFO GPL-0074] FinalRC: 0.98125
[NesterovSolve] Iter: 340 overflow: 0.187733 HPWL: 3888724
[NesterovSolve] Iter: 350 overflow: 0.158194 HPWL: 3892321
[NesterovSolve] Iter: 360 overflow: 0.145559 HPWL: 3893469
[INFO GPL-0100] worst slack -6.86e-10
[INFO GPL-0103] Weighted 33 nets.
[NesterovSolve] Iter: 370 overflow: 0.121478 HPWL: 3901704
[NesterovSolve] Iter: 380 overflow: 0.104313 HPWL: 3909712
[NesterovSolve] Finished with Overflow: 0.098493
Setting global connections for newly added cells…
Writing OpenROAD database to '/openlane/designs/spm/runs/RUN_2026.04.28_16.21.58/tmp/placement/8-global.odb'…
Writing netlist to '/openlane/designs/spm/runs/RUN_2026.04.28_16.21.58/tmp/placement/8-global.nl.v'…
Writing powered netlist to '/openlane/designs/spm/runs/RUN_2026.04.28_16.21.58/tmp/placement/8-global.pnl.v'…
Writing layout to '/openlane/designs/spm/runs/RUN_2026.04.28_16.21.58/tmp/placement/8-global.def'…
