OpenROAD 41a51eaf4ca2171c92ff38afb91eb37bbd3f36da 
This program is licensed under the BSD-3 license. See the LICENSE file for details.
Components of this program may be licensed under more restrictive licenses which must be honored.
[INFO]: Reading ODB at '/openlane/designs/spm/runs/RUN_2026.04.29_03.38.23/results/floorplan/spm.odb'…
define_corners Typical
read_liberty -corner Typical /home/mr-rath0/pdks/sky130A/libs.ref/sky130_fd_sc_hd/lib/sky130_fd_sc_hd__tt_025C_1v80.lib
Using 1e-12 for capacitance...
Using 1e+03 for resistance...
Using 1e-09 for time...
Using 1e+00 for voltage...
Using 1e-03 for current...
Using 1e-09 for power...
Using 1e-06 for distance...
Reading design constraints file at '/openlane/designs/spm/runs/RUN_2026.04.29_03.38.23/tmp/floorplan/3-initial_fp.sdc'…
[INFO]: Setting RC values...
[INFO]: Setting signal min routing layer to: met1 and clock min routing layer to met3. 
[INFO]: Setting signal max routing layer to: met5 and clock max routing layer to met5. 
[INFO GPL-0002] DBU: 1000
[INFO GPL-0003] SiteSize: 460 2720
[INFO GPL-0004] CoreAreaLxLy: 5520 10880
[INFO GPL-0005] CoreAreaUxUy: 80960 84320
[INFO GPL-0006] NumInstances: 427
[INFO GPL-0007] NumPlaceInstances: 301
[INFO GPL-0008] NumFixedInstances: 126
[INFO GPL-0009] NumDummyInstances: 0
[INFO GPL-0010] NumNets: 336
[INFO GPL-0011] NumPins: 988
[INFO GPL-0012] DieAreaLxLy: 0 0
[INFO GPL-0013] DieAreaUxUy: 86600 97320
[INFO GPL-0014] CoreAreaLxLy: 5520 10880
[INFO GPL-0015] CoreAreaUxUy: 80960 84320
[INFO GPL-0016] CoreArea: 5540313600
[INFO GPL-0017] NonPlaceInstsArea: 292780800
[INFO GPL-0018] PlaceInstsArea: 3711059200
[INFO GPL-0019] Util(%): 70.72
[INFO GPL-0020] StdInstsArea: 3711059200
[INFO GPL-0021] MacroInstsArea: 0
[InitialPlace]  Iter: 1 CG residual: 0.00000012 HPWL: 7985050
[InitialPlace]  Iter: 2 CG residual: 0.00000010 HPWL: 5153531
[InitialPlace]  Iter: 3 CG residual: 0.00000010 HPWL: 4529730
[InitialPlace]  Iter: 4 CG residual: 0.00000010 HPWL: 4380881
[InitialPlace]  Iter: 5 CG residual: 0.00000009 HPWL: 4362004
[INFO GPL-0031] FillerInit: NumGCells: 310
[INFO GPL-0032] FillerInit: NumGNets: 336
[INFO GPL-0033] FillerInit: NumGPins: 988
[INFO GPL-0023] TargetDensity: 0.73
[INFO GPL-0024] AveragePlaceInstArea: 12329100
[INFO GPL-0025] IdealBinArea: 16889178
[INFO GPL-0026] IdealBinCnt: 328
[INFO GPL-0027] TotalBinArea: 5540313600
[INFO GPL-0028] BinCnt: 16 16
[INFO GPL-0029] BinSize: 4715 4590
[INFO GPL-0030] NumBins: 256
[NesterovSolve] Iter: 1 overflow: 0.907488 HPWL: 1991651
[NesterovSolve] Iter: 10 overflow: 0.887857 HPWL: 2135794
[NesterovSolve] Iter: 20 overflow: 0.886597 HPWL: 2136338
[NesterovSolve] Iter: 30 overflow: 0.887511 HPWL: 2136898
[NesterovSolve] Iter: 40 overflow: 0.887158 HPWL: 2135999
[NesterovSolve] Iter: 50 overflow: 0.88718 HPWL: 2136391
[NesterovSolve] Iter: 60 overflow: 0.887131 HPWL: 2136916
[NesterovSolve] Iter: 70 overflow: 0.887091 HPWL: 2137281
[NesterovSolve] Iter: 80 overflow: 0.886907 HPWL: 2138012
[NesterovSolve] Iter: 90 overflow: 0.886714 HPWL: 2139363
[NesterovSolve] Iter: 100 overflow: 0.886339 HPWL: 2141869
[NesterovSolve] Iter: 110 overflow: 0.885654 HPWL: 2146033
[NesterovSolve] Iter: 120 overflow: 0.884432 HPWL: 2152770
[NesterovSolve] Iter: 130 overflow: 0.882673 HPWL: 2163590
[NesterovSolve] Iter: 140 overflow: 0.878964 HPWL: 2180892
[NesterovSolve] Iter: 150 overflow: 0.871209 HPWL: 2210365
[NesterovSolve] Iter: 160 overflow: 0.865218 HPWL: 2255961
[NesterovSolve] Iter: 170 overflow: 0.857339 HPWL: 2324069
[NesterovSolve] Iter: 180 overflow: 0.835493 HPWL: 2418213
[NesterovSolve] Iter: 190 overflow: 0.802336 HPWL: 2523973
[INFO GPL-0100] worst slack 6.91e-09
[INFO GPL-0103] Weighted 33 nets.
[NesterovSolve] Iter: 200 overflow: 0.777542 HPWL: 2680644
[NesterovSolve] Iter: 210 overflow: 0.733809 HPWL: 2905153
[NesterovSolve] Iter: 220 overflow: 0.69421 HPWL: 3037028
[NesterovSolve] Iter: 230 overflow: 0.643202 HPWL: 3241459
[INFO GPL-0100] worst slack 6.91e-09
[INFO GPL-0103] Weighted 33 nets.
[NesterovSolve] Iter: 240 overflow: 0.598153 HPWL: 3455491
[NesterovSolve] Snapshot saved at iter = 239
[NesterovSolve] Iter: 250 overflow: 0.556089 HPWL: 3609037
[NesterovSolve] Iter: 260 overflow: 0.503208 HPWL: 3752274
[INFO GPL-0100] worst slack 6.91e-09
[INFO GPL-0103] Weighted 33 nets.
[NesterovSolve] Iter: 270 overflow: 0.464354 HPWL: 3802852
[NesterovSolve] Iter: 280 overflow: 0.428401 HPWL: 3895927
[NesterovSolve] Iter: 290 overflow: 0.382345 HPWL: 3914395
[NesterovSolve] Iter: 300 overflow: 0.342391 HPWL: 3964681
[NesterovSolve] Iter: 310 overflow: 0.308746 HPWL: 3975328
[NesterovSolve] Iter: 320 overflow: 0.284845 HPWL: 4010735
[INFO GPL-0100] worst slack 6.88e-09
[INFO GPL-0103] Weighted 33 nets.
[NesterovSolve] Iter: 330 overflow: 0.248029 HPWL: 4014700
[NesterovSolve] Iter: 340 overflow: 0.219083 HPWL: 4021711
[INFO GPL-0100] worst slack 6.87e-09
[INFO GPL-0103] Weighted 33 nets.
[INFO GPL-0075] Routability numCall: 1 inflationIterCnt: 1 bloatIterCnt: 0
[INFO GPL-0036] TileLxLy: 0 0
[INFO GPL-0037] TileSize: 6900 6900
[INFO GPL-0038] TileCnt: 12 14
[INFO GPL-0039] numRoutingLayers: 6
[INFO GPL-0040] NumTiles: 168
[INFO GPL-0063] TotalRouteOverflowH2: 0.0
[INFO GPL-0064] TotalRouteOverflowV2: 0.0
[INFO GPL-0065] OverflowTileCnt2: 0
[INFO GPL-0066] 0.5%RC: 1.0
[INFO GPL-0067] 1.0%RC: 0.9874999970197678
[INFO GPL-0068] 2.0%RC: 0.9437499940395355
[INFO GPL-0069] 5.0%RC: 0.8815789567796808
[INFO GPL-0070] 0.5rcK: 1.0
[INFO GPL-0071] 1.0rcK: 1.0
[INFO GPL-0072] 2.0rcK: 0.0
[INFO GPL-0073] 5.0rcK: 0.0
[INFO GPL-0074] FinalRC: 0.99375
[NesterovSolve] Iter: 350 overflow: 0.196838 HPWL: 4044365
[NesterovSolve] Iter: 360 overflow: 0.174471 HPWL: 4058227
[NesterovSolve] Iter: 370 overflow: 0.147933 HPWL: 4066094
[INFO GPL-0100] worst slack 6.87e-09
[INFO GPL-0103] Weighted 33 nets.
[NesterovSolve] Iter: 380 overflow: 0.117608 HPWL: 4092904
[NesterovSolve] Finished with Overflow: 0.099797
Setting global connections for newly added cells…
Writing OpenROAD database to '/openlane/designs/spm/runs/RUN_2026.04.29_03.38.23/tmp/placement/8-global.odb'…
Writing netlist to '/openlane/designs/spm/runs/RUN_2026.04.29_03.38.23/tmp/placement/8-global.nl.v'…
Writing powered netlist to '/openlane/designs/spm/runs/RUN_2026.04.29_03.38.23/tmp/placement/8-global.pnl.v'…
Writing layout to '/openlane/designs/spm/runs/RUN_2026.04.29_03.38.23/tmp/placement/8-global.def'…
